/*C2*/SET SCHEMA PUBLIC
CREATE TABLE PUBLIC.PUBLIC.CATEGORY (\u000d\u000a\u0009ID INTEGER,\u000d\u000a\u0009DESCRIPTION NVARCHAR(255),\u000d\u000a\u0009PRICE DECIMAL,\u000d\u000a\u0009CONSTRAINT CATEGORY_PK PRIMARY KEY (ID)\u000d\u000a)
/*C9*/SET SCHEMA PUBLIC
DISCONNECT
/*C7*/SET SCHEMA PUBLIC
DISCONNECT
/*C13*/SET SCHEMA PUBLIC
DISCONNECT
/*C12*/SET SCHEMA PUBLIC
DISCONNECT
/*C8*/SET SCHEMA PUBLIC
DISCONNECT
/*C4*/SET SCHEMA PUBLIC
DISCONNECT
/*C5*/SET SCHEMA PUBLIC
DISCONNECT
/*C11*/SET SCHEMA PUBLIC
DISCONNECT
/*C6*/SET SCHEMA PUBLIC
DISCONNECT
/*C10*/SET SCHEMA PUBLIC
DISCONNECT
/*C14*/SET SCHEMA PUBLIC
SET SCHEMA PUBLIC
SET SCHEMA PUBLIC
INSERT INTO CATEGORY VALUES(0,'Comida',NULL)
COMMIT
INSERT INTO CATEGORY VALUES(1,'Gasolina',1)
COMMIT
INSERT INTO CATEGORY VALUES(2,'Transporte',NULL)
COMMIT
INSERT INTO CATEGORY VALUES(3,'Material',NULL)
COMMIT
DISCONNECT
/*C2*/DELETE FROM CATEGORY WHERE ID=1
INSERT INTO CATEGORY VALUES(1,'Gasolina',1)
COMMIT
/*C15*/SET SCHEMA PUBLIC
SET SCHEMA PUBLIC
SET SCHEMA PUBLIC
INSERT INTO PARTE VALUES(0,'Gastos Julio','2020-07-25',NULL,1,0,NULL)
COMMIT
DISCONNECT
/*C17*/SET SCHEMA PUBLIC
DISCONNECT
/*C23*/SET SCHEMA PUBLIC
DISCONNECT
/*C16*/SET SCHEMA PUBLIC
DISCONNECT
/*C19*/SET SCHEMA PUBLIC
DISCONNECT
/*C20*/SET SCHEMA PUBLIC
DISCONNECT
/*C24*/SET SCHEMA PUBLIC
DISCONNECT
/*C18*/SET SCHEMA PUBLIC
DISCONNECT
/*C25*/SET SCHEMA PUBLIC
DISCONNECT
/*C22*/SET SCHEMA PUBLIC
DISCONNECT
/*C21*/SET SCHEMA PUBLIC
DISCONNECT
/*C36*/SET SCHEMA PUBLIC
SET SCHEMA PUBLIC
SET SCHEMA PUBLIC
/*C35*/SET SCHEMA PUBLIC
DISCONNECT
/*C33*/SET SCHEMA PUBLIC
DISCONNECT
/*C34*/SET SCHEMA PUBLIC
DISCONNECT
/*C31*/SET SCHEMA PUBLIC
DISCONNECT
/*C32*/SET SCHEMA PUBLIC
DISCONNECT
/*C27*/SET SCHEMA PUBLIC
DISCONNECT
/*C30*/SET SCHEMA PUBLIC
DISCONNECT
/*C29*/SET SCHEMA PUBLIC
DISCONNECT
/*C28*/SET SCHEMA PUBLIC
DISCONNECT
/*C26*/SET SCHEMA PUBLIC
DISCONNECT
